<?xml version="1.0" encoding="UTF-8"?>
<testng-results skipped="0" failed="0" total="1" passed="1">
  <reporter-output>
  </reporter-output>
  <suite name="Default suite" duration-ms="71" started-at="2019-01-05T05:18:39Z" finished-at="2019-01-05T05:18:39Z">
    <groups>
    </groups>
    <test name="Default test" duration-ms="71" started-at="2019-01-05T05:18:39Z" finished-at="2019-01-05T05:18:39Z">
      <class name="ABCD.ABCD.PopupsTest">
        <test-method status="PASS" signature="f()[pri:0, instance:ABCD.ABCD.PopupsTest@5034c75a]" name="f" duration-ms="18" started-at="2019-01-05T10:48:39Z" finished-at="2019-01-05T10:48:39Z">
          <reporter-output>
          </reporter-output>
        </test-method> <!-- f -->
      </class> <!-- ABCD.ABCD.PopupsTest -->
    </test> <!-- Default test -->
  </suite> <!-- Default suite -->
</testng-results>
